{"name": "test_Login", "status": "broken", "statusDetails": {"message": "selenium.common.exceptions.NoSuchElementException: Message: no such element: Unable to locate element: {\"method\":\"xpath\",\"selector\":\"//input[@placeholder='Username']\"}\n  (Session info: chrome=128.0.6613.86); For documentation on this error, please visit: https://www.selenium.dev/documentation/webdriver/troubleshooting/errors#no-such-element-exception\nStacktrace:\n\tGetHandleVerifier [0x00007FF661A8B632+29090]\n\t(No symbol) [0x00007FF6619FE6E9]\n\t(No symbol) [0x00007FF6618BB1CA]\n\t(No symbol) [0x00007FF66190EFD7]\n\t(No symbol) [0x00007FF66190F22C]\n\t(No symbol) [0x00007FF6619597F7]\n\t(No symbol) [0x00007FF66193672F]\n\t(No symbol) [0x00007FF6619565D9]\n\t(No symbol) [0x00007FF661936493]\n\t(No symbol) [0x00007FF6619009B1]\n\t(No symbol) [0x00007FF661901B11]\n\tGetHandleVerifier [0x00007FF661DA883D+3294125]\n\tGetHandleVerifier [0x00007FF661DF4423+3604371]\n\tGetHandleVerifier [0x00007FF661DEA2E7+3563095]\n\tGetHandleVerifier [0x00007FF661B46F16+797318]\n\t(No symbol) [0x00007FF661A0986F]\n\t(No symbol) [0x00007FF661A05454]\n\t(No symbol) [0x00007FF661A055E0]\n\t(No symbol) [0x00007FF6619F4A7F]\n\tBaseThreadInitThunk [0x00007FFBA22E7374+20]\n\tRtlUserThreadStart [0x00007FFBA37FCC91+33]", "trace": "self = <allure_test.TestHRM object at 0x000001800AD514C0>\n\n    def test_Login(self):\n        self.driver = webdriver.Chrome()\n        self.driver.get(\"https://opensource-demo.orangehrmlive.com/web/index.php/auth/login\")\n>       self.driver.find_element(By.XPATH, \"//input[@placeholder='Username']\").send_keys(\"Admin\")\n\nallure_test.py:36: \n_ _ _ _ _ _ _ _ _ _ _ _ _ _ _ _ _ _ _ _ _ _ _ _ _ _ _ _ _ _ _ _ _ _ _ _ _ _ _ _ _ _ _ _ _ _ _ _ _ _ _ _ _ _ _ _ _ _ _ _ _ _ _ _ _ _ _ _ _ _ _ _ _ _\n.venv\\lib\\site-packages\\selenium\\webdriver\\remote\\webdriver.py:748: in find_element\n    return self.execute(Command.FIND_ELEMENT, {\"using\": by, \"value\": value})[\"value\"]\n.venv\\lib\\site-packages\\selenium\\webdriver\\remote\\webdriver.py:354: in execute\n    self.error_handler.check_response(response)\n_ _ _ _ _ _ _ _ _ _ _ _ _ _ _ _ _ _ _ _ _ _ _ _ _ _ _ _ _ _ _ _ _ _ _ _ _ _ _ _ _ _ _ _ _ _ _ _ _ _ _ _ _ _ _ _ _ _ _ _ _ _ _ _ _ _ _ _ _ _ _ _ _ _\n\nself = <selenium.webdriver.remote.errorhandler.ErrorHandler object at 0x000001800ADB78E0>\nresponse = {'status': 404, 'value': '{\"value\":{\"error\":\"no such element\",\"message\":\"no such element: Unable to locate element: {\\...07FF6619F4A7F]\\\\n\\\\tBaseThreadInitThunk [0x00007FFBA22E7374+20]\\\\n\\\\tRtlUserThreadStart [0x00007FFBA37FCC91+33]\\\\n\"}}'}\n\n    def check_response(self, response: Dict[str, Any]) -> None:\n        \"\"\"Checks that a JSON response from the WebDriver does not have an\n        error.\n    \n        :Args:\n         - response - The JSON response from the WebDriver server as a dictionary\n           object.\n    \n        :Raises: If the response contains an error message.\n        \"\"\"\n        status = response.get(\"status\", None)\n        if not status or status == ErrorCode.SUCCESS:\n            return\n        value = None\n        message = response.get(\"message\", \"\")\n        screen: str = response.get(\"screen\", \"\")\n        stacktrace = None\n        if isinstance(status, int):\n            value_json = response.get(\"value\", None)\n            if value_json and isinstance(value_json, str):\n                import json\n    \n                try:\n                    value = json.loads(value_json)\n                    if len(value) == 1:\n                        value = value[\"value\"]\n                    status = value.get(\"error\", None)\n                    if not status:\n                        status = value.get(\"status\", ErrorCode.UNKNOWN_ERROR)\n                        message = value.get(\"value\") or value.get(\"message\")\n                        if not isinstance(message, str):\n                            value = message\n                            message = message.get(\"message\")\n                    else:\n                        message = value.get(\"message\", None)\n                except ValueError:\n                    pass\n    \n        exception_class: Type[WebDriverException]\n        e = ErrorCode()\n        error_codes = [item for item in dir(e) if not item.startswith(\"__\")]\n        for error_code in error_codes:\n            error_info = getattr(ErrorCode, error_code)\n            if isinstance(error_info, list) and status in error_info:\n                exception_class = getattr(ExceptionMapping, error_code, WebDriverException)\n                break\n        else:\n            exception_class = WebDriverException\n    \n        if not value:\n            value = response[\"value\"]\n        if isinstance(value, str):\n            raise exception_class(value)\n        if message == \"\" and \"message\" in value:\n            message = value[\"message\"]\n    \n        screen = None  # type: ignore[assignment]\n        if \"screen\" in value:\n            screen = value[\"screen\"]\n    \n        stacktrace = None\n        st_value = value.get(\"stackTrace\") or value.get(\"stacktrace\")\n        if st_value:\n            if isinstance(st_value, str):\n                stacktrace = st_value.split(\"\\n\")\n            else:\n                stacktrace = []\n                try:\n                    for frame in st_value:\n                        line = frame.get(\"lineNumber\", \"\")\n                        file = frame.get(\"fileName\", \"<anonymous>\")\n                        if line:\n                            file = f\"{file}:{line}\"\n                        meth = frame.get(\"methodName\", \"<anonymous>\")\n                        if \"className\" in frame:\n                            meth = f\"{frame['className']}.{meth}\"\n                        msg = \"    at %s (%s)\"\n                        msg = msg % (meth, file)\n                        stacktrace.append(msg)\n                except TypeError:\n                    pass\n        if exception_class == UnexpectedAlertPresentException:\n            alert_text = None\n            if \"data\" in value:\n                alert_text = value[\"data\"].get(\"text\")\n            elif \"alert\" in value:\n                alert_text = value[\"alert\"].get(\"text\")\n            raise exception_class(message, screen, stacktrace, alert_text)  # type: ignore[call-arg]  # mypy is not smart enough here\n>       raise exception_class(message, screen, stacktrace)\nE       selenium.common.exceptions.NoSuchElementException: Message: no such element: Unable to locate element: {\"method\":\"xpath\",\"selector\":\"//input[@placeholder='Username']\"}\nE         (Session info: chrome=128.0.6613.86); For documentation on this error, please visit: https://www.selenium.dev/documentation/webdriver/troubleshooting/errors#no-such-element-exception\nE       Stacktrace:\nE       \tGetHandleVerifier [0x00007FF661A8B632+29090]\nE       \t(No symbol) [0x00007FF6619FE6E9]\nE       \t(No symbol) [0x00007FF6618BB1CA]\nE       \t(No symbol) [0x00007FF66190EFD7]\nE       \t(No symbol) [0x00007FF66190F22C]\nE       \t(No symbol) [0x00007FF6619597F7]\nE       \t(No symbol) [0x00007FF66193672F]\nE       \t(No symbol) [0x00007FF6619565D9]\nE       \t(No symbol) [0x00007FF661936493]\nE       \t(No symbol) [0x00007FF6619009B1]\nE       \t(No symbol) [0x00007FF661901B11]\nE       \tGetHandleVerifier [0x00007FF661DA883D+3294125]\nE       \tGetHandleVerifier [0x00007FF661DF4423+3604371]\nE       \tGetHandleVerifier [0x00007FF661DEA2E7+3563095]\nE       \tGetHandleVerifier [0x00007FF661B46F16+797318]\nE       \t(No symbol) [0x00007FF661A0986F]\nE       \t(No symbol) [0x00007FF661A05454]\nE       \t(No symbol) [0x00007FF661A055E0]\nE       \t(No symbol) [0x00007FF6619F4A7F]\nE       \tBaseThreadInitThunk [0x00007FFBA22E7374+20]\nE       \tRtlUserThreadStart [0x00007FFBA37FCC91+33]\n\n.venv\\lib\\site-packages\\selenium\\webdriver\\remote\\errorhandler.py:229: NoSuchElementException"}, "start": 1725166555061, "stop": 1725166568709, "uuid": "0d15f84d-6927-4fa2-bb09-d0c7ec7fd914", "historyId": "b21884677932bf12b60faaf23e6d938f", "testCaseId": "b21884677932bf12b60faaf23e6d938f", "fullName": "allure_test.TestHRM#test_Login", "labels": [{"name": "suite", "value": "allure_test"}, {"name": "subSuite", "value": "TestHRM"}, {"name": "host", "value": "BLRL127625"}, {"name": "thread", "value": "12820-MainThread"}, {"name": "framework", "value": "pytest"}, {"name": "language", "value": "cpython3"}, {"name": "package", "value": "allure_test"}]}